2023-02-23T16:57:04.272Z [account-service] error: User login - User does not exist : {"username":"mp","password":"efwrsgf"}
2023-02-27T14:15:36.922Z [account-service] error: User login - User does not exist : "username":"user90","password":"password90"
2023-02-27T14:17:52.917Z [account-service] error: User login - User does not exist : {"username":"user79","password":"password79"}
2023-02-27T14:25:57.583Z [account-service] error: Account Creation - User already exist : {"userDetails":{"firstName":"Eve","lastName":"Adams","username":"user87","password":"password87"}}
2023-02-27T14:26:03.274Z [account-service] error: Account Creation - User already exist : {"userDetails":{"firstName":"Charlie","lastName":"Garcia","username":"user88","password":"password88"}}
2023-02-27T14:26:11.884Z [account-service] error: Account Creation - User already exist : {"userDetails":{"firstName":"Bob","lastName":"Hernandez","username":"user89","password":"password89"}}
2023-02-27T14:26:31.050Z [account-service] error: Account Creation - User already exist : {"userDetails":{"firstName":"Jack","lastName":"Carter","username":"user91","password":"password91"}}
2023-02-27T14:26:36.623Z [account-service] error: Account Creation - User already exist : {"userDetails":{"firstName":"Jack","lastName":"Hernandez","username":"user92","password":"password92"}}
2023-02-27T14:26:44.499Z [account-service] error: Account Creation - User already exist : {"userDetails":{"firstName":"Alice","lastName":"Brown","username":"user93","password":"password93"}}
2023-02-27T14:26:53.922Z [account-service] error: Account Creation - User already exist : {"userDetails":{"firstName":"Jack","lastName":"Brown","username":"user94","password":"password94"}}
2023-02-27T14:27:13.030Z [account-service] error: Account Creation - User already exist : {"userDetails":{"firstName":"Alice","lastName":"Ford","username":"user96","password":"password96"}}
2023-02-27T14:27:21.663Z [account-service] error: Account Creation - User already exist : {"userDetails":{"firstName":"Jack","lastName":"Jones","username":"user97","password":"password97"}}
2023-02-27T14:27:30.305Z [account-service] error: Account Creation - User already exist : {"userDetails":{"firstName":"Henry","lastName":"Ford","username":"user98","password":"password98"}}
2023-02-27T14:27:38.710Z [account-service] error: Account Creation - User already exist : {"userDetails":{"firstName":"Henry","lastName":"Brown","username":"user99","password":"password99"}}
2023-02-27T14:44:49.293Z [account-service] error: Account Creation - User already exist : {"firstName":"Jane","lastName":"Doe","username":"janedoe","password":"password123"}
2023-02-27T14:44:51.049Z [account-service] error: Account Creation - User already exist : {"firstName":"Charlie","lastName":"Jones","username":"user0","password":"password0"}
2023-02-27T14:44:52.944Z [account-service] error: Account Creation - User already exist : {"firstName":"Henry","lastName":"Davis","username":"user1","password":"password1"}
2023-02-27T14:44:57.307Z [account-service] error: Account Creation - User already exist : {"firstName":"Henry","lastName":"Ingram","username":"user3","password":"password3"}
2023-02-27T14:44:59.277Z [account-service] error: Account Creation - User already exist : {"firstName":"Henry","lastName":"Hernandez","username":"user4","password":"password4"}
2023-02-27T14:45:01.417Z [account-service] error: Account Creation - User already exist : {"firstName":"Ivy","lastName":"Ford","username":"user5","password":"password5"}
2023-02-27T14:45:03.985Z [account-service] error: Account Creation - User already exist : {"firstName":"Bob","lastName":"Ford","username":"user6","password":"password6"}
2023-02-27T14:45:06.694Z [account-service] error: Account Creation - User already exist : {"firstName":"Bob","lastName":"Edwards","username":"user7","password":"password7"}
2023-02-27T14:45:31.631Z [account-service] error: User login - User does not exist : {"username":"user16","password":"password16"}
2023-02-27T14:46:32.678Z [account-service] error: User login - User does not exist : {"username":"user61","password":"password61"}
2023-02-27T14:54:52.307Z [account-service] error: User login - User does not exist : {"username":"user72","password":"password72"}
2023-02-27T14:56:47.617Z [account-service] error: User login - User does not exist : {"username":"user22","password":"password22"}
2023-02-27T15:02:30.315Z [account-service] error: User login - User does not exist : {"username":"johndoe","password":"password123"}
2023-02-27T15:04:45.260Z [account-service] error: Account Creation - User already exist : {"firstName":"Jane","lastName":"Doe","username":"janedoe","password":"password123"}
2023-02-27T15:04:48.081Z [account-service] error: Account Creation - User already exist : {"firstName":"Charlie","lastName":"Jones","username":"user0","password":"password0"}
2023-02-27T15:04:51.283Z [account-service] error: Account Creation - User already exist : {"firstName":"Henry","lastName":"Davis","username":"user1","password":"password1"}
2023-02-27T15:04:54.370Z [account-service] error: Account Creation - User already exist : {"firstName":"Bob","lastName":"Davis","username":"user2","password":"password2"}
2023-02-27T15:04:57.433Z [account-service] error: Account Creation - User already exist : {"firstName":"Henry","lastName":"Ingram","username":"user3","password":"password3"}
2023-02-27T15:05:00.802Z [account-service] error: Account Creation - User already exist : {"firstName":"Henry","lastName":"Hernandez","username":"user4","password":"password4"}
2023-02-27T15:05:04.808Z [account-service] error: Account Creation - User already exist : {"firstName":"Ivy","lastName":"Ford","username":"user5","password":"password5"}
2023-02-27T15:05:08.380Z [account-service] error: Account Creation - User already exist : {"firstName":"Bob","lastName":"Ford","username":"user6","password":"password6"}
2023-02-27T15:05:11.922Z [account-service] error: Account Creation - User already exist : {"firstName":"Bob","lastName":"Edwards","username":"user7","password":"password7"}
2023-02-27T15:05:15.164Z [account-service] error: Account Creation - User already exist : {"firstName":"Frank","lastName":"Jones","username":"user8","password":"password8"}
2023-02-27T15:05:18.439Z [account-service] error: Account Creation - User already exist : {"firstName":"Alice","lastName":"Edwards","username":"user9","password":"password9"}
2023-02-27T15:05:21.756Z [account-service] error: Account Creation - User already exist : {"firstName":"David","lastName":"Edwards","username":"user10","password":"password10"}
2023-02-27T15:05:25.011Z [account-service] error: Account Creation - User already exist : {"firstName":"Henry","lastName":"Brown","username":"user11","password":"password11"}
2023-02-27T15:05:28.371Z [account-service] error: Account Creation - User already exist : {"firstName":"Alice","lastName":"Jones","username":"user12","password":"password12"}
2023-02-27T15:05:31.679Z [account-service] error: Account Creation - User already exist : {"firstName":"Grace","lastName":"Brown","username":"user13","password":"password13"}
2023-02-27T15:05:35.237Z [account-service] error: Account Creation - User already exist : {"firstName":"Charlie","lastName":"Adams","username":"user14","password":"password14"}
2023-02-27T15:05:38.631Z [account-service] error: Account Creation - User already exist : {"firstName":"Ivy","lastName":"Adams","username":"user15","password":"password15"}
2023-02-27T15:05:46.403Z [account-service] error: Account Creation - User already exist : {"firstName":"Bob","lastName":"Adams","username":"user17","password":"password17"}
2023-02-27T15:05:50.004Z [account-service] error: Account Creation - User already exist : {"firstName":"Frank","lastName":"Edwards","username":"user18","password":"password18"}
2023-02-27T15:05:53.692Z [account-service] error: Account Creation - User already exist : {"firstName":"Alice","lastName":"Edwards","username":"user19","password":"password19"}
2023-02-27T15:05:57.431Z [account-service] error: Account Creation - User already exist : {"firstName":"Charlie","lastName":"Carter","username":"user20","password":"password20"}
2023-02-27T15:06:01.376Z [account-service] error: Account Creation - User already exist : {"firstName":"Alice","lastName":"Carter","username":"user21","password":"password21"}
2023-02-27T15:06:05.304Z [account-service] error: Account Creation - User already exist : {"firstName":"Alice","lastName":"Garcia","username":"user22","password":"password22"}
2023-02-27T15:06:10.117Z [account-service] error: Account Creation - User already exist : {"firstName":"Henry","lastName":"Edwards","username":"user23","password":"password23"}
2023-02-27T15:06:14.641Z [account-service] error: Account Creation - User already exist : {"firstName":"Bob","lastName":"Hernandez","username":"user24","password":"password24"}
2023-02-27T15:06:22.658Z [account-service] error: Account Creation - User already exist : {"firstName":"Charlie","lastName":"Jones","username":"user26","password":"password26"}
2023-02-27T15:06:26.625Z [account-service] error: Account Creation - User already exist : {"firstName":"Alice","lastName":"Edwards","username":"user27","password":"password27"}
2023-02-27T15:06:31.263Z [account-service] error: Account Creation - User already exist : {"firstName":"Bob","lastName":"Ford","username":"user28","password":"password28"}
2023-02-27T15:06:36.417Z [account-service] error: Account Creation - User already exist : {"firstName":"Henry","lastName":"Carter","username":"user29","password":"password29"}
2023-02-27T15:06:40.518Z [account-service] error: Account Creation - User already exist : {"firstName":"Bob","lastName":"Edwards","username":"user30","password":"password30"}
2023-02-27T15:06:45.205Z [account-service] error: Account Creation - User already exist : {"firstName":"Alice","lastName":"Adams","username":"user31","password":"password31"}
2023-02-27T15:06:49.161Z [account-service] error: Account Creation - User already exist : {"firstName":"Charlie","lastName":"Ford","username":"user32","password":"password32"}
2023-02-27T15:06:53.894Z [account-service] error: Account Creation - User already exist : {"firstName":"Eve","lastName":"Garcia","username":"user33","password":"password33"}
2023-02-27T15:06:59.489Z [account-service] error: Account Creation - User already exist : {"firstName":"Frank","lastName":"Hernandez","username":"user34","password":"password34"}
2023-02-27T15:07:04.406Z [account-service] error: Account Creation - User already exist : {"firstName":"Ivy","lastName":"Brown","username":"user35","password":"password35"}
2023-02-27T15:07:09.620Z [account-service] error: Account Creation - User already exist : {"firstName":"Charlie","lastName":"Brown","username":"user36","password":"password36"}
2023-02-27T15:07:14.799Z [account-service] error: Account Creation - User already exist : {"firstName":"Charlie","lastName":"Carter","username":"user37","password":"password37"}
2023-02-27T15:07:19.454Z [account-service] error: Account Creation - User already exist : {"firstName":"Grace","lastName":"Ford","username":"user38","password":"password38"}
2023-02-27T15:07:25.037Z [account-service] error: Account Creation - User already exist : {"firstName":"Jack","lastName":"Garcia","username":"user39","password":"password39"}
2023-02-27T15:07:29.914Z [account-service] error: Account Creation - User already exist : {"firstName":"Eve","lastName":"Jones","username":"user40","password":"password40"}
2023-02-27T15:07:35.126Z [account-service] error: Account Creation - User already exist : {"firstName":"Jack","lastName":"Brown","username":"user41","password":"password41"}
2023-02-27T15:07:40.430Z [account-service] error: Account Creation - User already exist : {"firstName":"Bob","lastName":"Carter","username":"user42","password":"password42"}
2023-02-27T15:07:46.714Z [account-service] error: Account Creation - User already exist : {"firstName":"Ivy","lastName":"Hernandez","username":"user43","password":"password43"}
2023-02-27T15:07:52.200Z [account-service] error: Account Creation - User already exist : {"firstName":"Grace","lastName":"Brown","username":"user44","password":"password44"}
2023-02-27T15:07:57.422Z [account-service] error: Account Creation - User already exist : {"firstName":"Bob","lastName":"Garcia","username":"user45","password":"password45"}
2023-02-27T15:08:38.307Z [account-service] error: Account Creation - User already exist : {"firstName":"John","lastName":"Doe","username":"johndoe","password":"password123"}
2023-02-27T15:08:41.700Z [account-service] error: Account Creation - User already exist : {"firstName":"Jane","lastName":"Doe","username":"janedoe","password":"password123"}
2023-02-27T15:08:44.511Z [account-service] error: Account Creation - User already exist : {"firstName":"Charlie","lastName":"Jones","username":"user0","password":"password0"}
2023-02-27T15:08:47.313Z [account-service] error: Account Creation - User already exist : {"firstName":"Henry","lastName":"Davis","username":"user1","password":"password1"}
2023-02-27T15:08:50.196Z [account-service] error: Account Creation - User already exist : {"firstName":"Bob","lastName":"Davis","username":"user2","password":"password2"}
2023-02-27T15:08:53.705Z [account-service] error: Account Creation - User already exist : {"firstName":"Henry","lastName":"Ingram","username":"user3","password":"password3"}
2023-02-27T15:08:56.474Z [account-service] error: Account Creation - User already exist : {"firstName":"Henry","lastName":"Hernandez","username":"user4","password":"password4"}
2023-02-27T15:08:59.396Z [account-service] error: Account Creation - User already exist : {"firstName":"Ivy","lastName":"Ford","username":"user5","password":"password5"}
2023-02-27T15:09:02.623Z [account-service] error: Account Creation - User already exist : {"firstName":"Bob","lastName":"Ford","username":"user6","password":"password6"}
2023-02-27T15:09:05.746Z [account-service] error: Account Creation - User already exist : {"firstName":"Bob","lastName":"Edwards","username":"user7","password":"password7"}
2023-02-27T15:09:08.891Z [account-service] error: Account Creation - User already exist : {"firstName":"Frank","lastName":"Jones","username":"user8","password":"password8"}
2023-02-27T15:09:12.370Z [account-service] error: Account Creation - User already exist : {"firstName":"Alice","lastName":"Edwards","username":"user9","password":"password9"}
2023-02-27T15:09:15.940Z [account-service] error: Account Creation - User already exist : {"firstName":"David","lastName":"Edwards","username":"user10","password":"password10"}
2023-02-27T15:09:19.212Z [account-service] error: Account Creation - User already exist : {"firstName":"Henry","lastName":"Brown","username":"user11","password":"password11"}
2023-02-27T15:09:22.918Z [account-service] error: Account Creation - User already exist : {"firstName":"Alice","lastName":"Jones","username":"user12","password":"password12"}
2023-02-27T15:09:27.261Z [account-service] error: Account Creation - User already exist : {"firstName":"Grace","lastName":"Brown","username":"user13","password":"password13"}
2023-02-27T15:09:31.157Z [account-service] error: Account Creation - User already exist : {"firstName":"Charlie","lastName":"Adams","username":"user14","password":"password14"}
2023-02-27T15:09:34.678Z [account-service] error: Account Creation - User already exist : {"firstName":"Ivy","lastName":"Adams","username":"user15","password":"password15"}
2023-02-27T15:09:38.224Z [account-service] error: Account Creation - User already exist : {"firstName":"Frank","lastName":"Carter","username":"user16","password":"password16"}
2023-02-27T15:09:42.002Z [account-service] error: Account Creation - User already exist : {"firstName":"Bob","lastName":"Adams","username":"user17","password":"password17"}
2023-02-27T15:09:45.672Z [account-service] error: Account Creation - User already exist : {"firstName":"Frank","lastName":"Edwards","username":"user18","password":"password18"}
2023-02-27T15:09:49.416Z [account-service] error: Account Creation - User already exist : {"firstName":"Alice","lastName":"Edwards","username":"user19","password":"password19"}
2023-02-27T15:09:53.520Z [account-service] error: Account Creation - User already exist : {"firstName":"Charlie","lastName":"Carter","username":"user20","password":"password20"}
2023-02-27T15:09:57.156Z [account-service] error: Account Creation - User already exist : {"firstName":"Alice","lastName":"Carter","username":"user21","password":"password21"}
2023-02-27T15:10:02.496Z [account-service] error: Account Creation - User already exist : {"firstName":"Alice","lastName":"Garcia","username":"user22","password":"password22"}
2023-02-27T15:10:06.756Z [account-service] error: Account Creation - User already exist : {"firstName":"Henry","lastName":"Edwards","username":"user23","password":"password23"}
2023-02-27T15:10:11.246Z [account-service] error: Account Creation - User already exist : {"firstName":"Bob","lastName":"Hernandez","username":"user24","password":"password24"}
2023-02-27T15:10:15.181Z [account-service] error: Account Creation - User already exist : {"firstName":"Eve","lastName":"Jones","username":"user25","password":"password25"}
2023-02-27T15:10:20.094Z [account-service] error: Account Creation - User already exist : {"firstName":"Charlie","lastName":"Jones","username":"user26","password":"password26"}
2023-02-27T15:10:24.554Z [account-service] error: Account Creation - User already exist : {"firstName":"Alice","lastName":"Edwards","username":"user27","password":"password27"}
2023-02-27T15:10:28.410Z [account-service] error: Account Creation - User already exist : {"firstName":"Bob","lastName":"Ford","username":"user28","password":"password28"}
2023-02-27T15:10:32.630Z [account-service] error: Account Creation - User already exist : {"firstName":"Henry","lastName":"Carter","username":"user29","password":"password29"}
2023-02-27T15:10:36.884Z [account-service] error: Account Creation - User already exist : {"firstName":"Bob","lastName":"Edwards","username":"user30","password":"password30"}
2023-02-27T15:10:41.513Z [account-service] error: Account Creation - User already exist : {"firstName":"Alice","lastName":"Adams","username":"user31","password":"password31"}
2023-02-27T15:17:16.939Z [account-service] error: Account Creation - User already exist : {"firstName":"Alice","lastName":"Garcia","username":"user51","password":"password51"}
2023-02-27T15:17:19.870Z [account-service] error: Account Creation - User already exist : {"firstName":"Bob","lastName":"Adams","username":"user54","password":"password54"}
2023-02-27T15:17:22.779Z [account-service] error: Account Creation - User already exist : {"firstName":"Henry","lastName":"Jones","username":"user61","password":"password61"}
2023-02-27T15:17:25.586Z [account-service] error: Account Creation - User already exist : {"firstName":"Eve","lastName":"Davis","username":"user65","password":"password65"}
2023-02-27T15:17:28.788Z [account-service] error: Account Creation - User already exist : {"firstName":"Frank","lastName":"Brown","username":"user68","password":"password68"}
2023-02-27T15:17:37.903Z [account-service] error: Account Creation - User already exist : {"firstName":"Grace","lastName":"Garcia","username":"user78","password":"password78"}
2023-02-27T15:17:41.116Z [account-service] error: Account Creation - User already exist : {"firstName":"Grace","lastName":"Davis","username":"user86","password":"password86"}
2023-02-27T15:17:44.177Z [account-service] error: Account Creation - User already exist : {"firstName":"Eve","lastName":"Adams","username":"user87","password":"password87"}
2023-02-27T15:18:47.249Z [account-service] error: Account Creation - User already exist : {"firstName":"Henry","lastName":"Davis","username":"user70","password":"password70"}
